Line 26: Class VertMenu.VerticalMenu of control Menu was not a loaded control class.
Line 32: The property name _ExtentX in Menu is invalid.
Line 33: The property name _ExtentY in Menu is invalid.
Line 34: The property name MenusMax in Menu is invalid.
Line 35: The property name MenuCaption1 in Menu is invalid.
Line 36: The property name MenuItemsMax1 in Menu is invalid.
Line 37: The property name MenuItemIcon11 in Menu is invalid.
Line 38: The property name MenuItemCaption11 in Menu is invalid.
Line 39: The property name MenuItemIcon12 in Menu is invalid.
Line 40: The property name MenuItemCaption12 in Menu is invalid.
Line 41: The property name MenuItemIcon13 in Menu is invalid.
Line 42: The property name MenuItemCaption13 in Menu is invalid.
Line 43: The property name MenuCaption2 in Menu is invalid.
Line 44: The property name MenuItemsMax2 in Menu is invalid.
Line 45: The property name MenuItemIcon21 in Menu is invalid.
Line 46: The property name MenuItemCaption21 in Menu is invalid.
Line 47: The property name MenuItemIcon22 in Menu is invalid.
Line 48: The property name MenuItemCaption22 in Menu is invalid.
Line 49: The property name MenuItemIcon23 in Menu is invalid.
Line 50: The property name MenuItemCaption23 in Menu is invalid.
Line 51: The property name MenuItemIcon24 in Menu is invalid.
Line 52: The property name MenuItemCaption24 in Menu is invalid.
Line 53: The property name MenuItemIcon25 in Menu is invalid.
Line 54: The property name MenuItemCaption25 in Menu is invalid.
Line 55: The property name MenuItemIcon26 in Menu is invalid.
Line 56: The property name MenuItemCaption26 in Menu is invalid.
Line 57: The property name MenuCaption3 in Menu is invalid.
Line 58: The property name MenuItemsMax3 in Menu is invalid.
Line 59: The property name MenuItemIcon31 in Menu is invalid.
Line 60: The property name MenuItemCaption31 in Menu is invalid.
Line 61: The property name MenuItemIcon32 in Menu is invalid.
Line 62: The property name MenuItemCaption32 in Menu is invalid.
