#color blue/green yellow/red white/magenta white/magenta
timeout 59
default /default
#default 0

#write (md)0x220+1 !BAT\necho -n -P:0000 $[0107] Hiren's BootCD 15.2 \0 && initscript (md)0x220+1
#write (md)0x220+1 !BAT\necho -n -P:0000 $[0107] Matthew's ASUS PC Grub4Dos \0 && initscript (md)0x220+1

#color white/blue  black/light-gray white/black white/black
#splashimage /multi/images/sunrise.gz

# DON'T INCLUDE \n IN THE END OF TITLE AND DISPLAY DEFAULT WHAT TO DO MENU INSTRUCTION
# I INCLUDE THAT FOR ONLY THE FIRST ONE

#-----------------------------------------------------------------------
# IN THE ROOT FOLDER YOUR FIND FROM MINIPE -> THE'MULTI' FOLDER CONTENTS
####
# 1.drv
# 2.images
# 3.PStart
# 4.SxS_Fix_Win7PE
# 5.x86
# NOT SURE - IF THESE ARE NECESSARY WHEN BOOTING FROM ISO 
# I'M NOT SURE BUT *PSTART* IS
####
# Only BootMgr - With Windows 7
# And  NTLDR   - With windows XP
####
# THE *IS* COMMAND CAN FIND A FOLDER
# THE *FIND* CAN USE FOR FILES
#-----------------------------------------------------------------------

#-----------------------------------------------------------------------
#find --set-root --ignore-floppies --ignore-cd /bootmgr || find --set-root --ignore-floppies --ignore-cd /ntldr || rootnoverify (hd0) && chainloader +1 && boot
#map () (hd0) && map (hd0) () && map --rehook
#find --set-root --devices=h /bootmgr || find --set-root --ignore-floppies --ignore-cd /ntldr
#chainloader /bootmgr || chainloader /ntldr
#-----------------------------------------------------------------------

#-----------------------------------------------------------------------
#CAN'T MAKE THIS WORK - SEEMS TO RESCAN BOOTMGR AGAIN FROM CHAINLOADER
#iftitle [find /#bootmgr_acer_win_7] Boot Windows 7 (BOOTMGR)    from Hard Drive\n
#find --set-root --ignore-floppies --ignore-cd /#bootmgr_acer_win_7
#map () (hd0,2)
#map (hd0,2) ()
#map --rehook
#find --set-root --ignore-floppies --ignore-cd /#bootmgr_acer_win_7
#rootnoverify (hd0,2)
#chainloader /bootmgr
#-----------------------------------------------------------------------

#-----------------------------------------------------------------------
#THE EASY WAY AS TWO BOOTMGR'S ON THIS SYSTEM - SYSTEM RESERVED DRIVE LOADS FIRST
#TO A LOGICAL DRIVE PARTITION 3 OR - 0 TO 2 = 3
#----------------------------------------------
#iftitle [find /#bootmgr_acer_win_7] Boot Windows 7 (BOOTMGR) from Hard Drive Part 3 of 0-2\n
#rootnoverify (hd0,2)
#chainloader +1
#-----------------------------------------------------------------------

#-----------------------------------------------------------------------
#iftitle [find /ntldr] Boot Windows XP (NTLDR) from Hard Drive\n
#find --set-root --ignore-floppies --ignore-cd /ntldr
#map () (hd0)
#map (hd0) ()
#map --rehook
#find --set-root --ignore-floppies --ignore-cd /ntldr
#chainloader /ntldr
#savedefault
#-----------------------------------------------------------------------

#-----------------------------------------------------------------------
#title Boot Windows XP (NTLDR)   from Hard Drive 2\n
#find --set-root --ignore-floppies --ignore-cd /ntldr
#map () (hd1)
#map (hd1) ()
#map --rehook
#find --set-root --ignore-floppies --ignore-cd /ntldr
#chainloader /ntldr
#-----------------------------------------------------------------------

#-----------------------------------------------------------------------
#title Boot Windows Vista/7 (BOOTMGR) from Hard Drive\n
#title Boot Windows 7  (BOOTMGR) from Hard Drive\n
#find --set-root --ignore-floppies --ignore-cd /bootmgr
#map () (hd0)
#map (hd0) ()
#map --rehook
#find --set-root --ignore-floppies --ignore-cd /bootmgr
#chainloader /bootmgr
#-----------------------------------------------------------------------

#-----------------------------------------------------------------------
#title Boot HDD 1 Partition 1 -- Windows XP\n
#rootnoverify (hd0,0)
#chainloader +1
#-----------------------------------------------------------------------

#-----------------------------------------------------------------------
#title Boot HDD 2 Partition 1\n
#rootnoverify (hd1,0)
#chainloader +1
#savedefault - CAN'T DO SAVEDEFAULT HERE
#-----------------------------------------------------------------------

#-----------------------------------------------------------------------
#title Boot HDD 2 MBR\n USB PEN DRIVE - NEXT UP
#rootnoverify (hd1)
#chainloader +1
#savedefault - CAN'T DO SAVEDEFAULT HERE
#-----------------------------------------------------------------------

#-----------------------------------------------------------------------
#-----------------------------------------------------------------------
#-----------------------------------------------------------------------
#-----------------------------------------------------------------------
title Menu Hard Drive Operating System Set...\nTHE AUTOBOOT SELECTION MENU THIS MENU HAS MORE DIGG AROUND AND LESS QUICK BOOTER\nTHAN THE FRONT TOOL MENU FOR AUTO BOOT FINDER OPTION ANOTHER MENU\nLEADS FROM THERE
find --set-root /menu_oppo_system.lst
configfile /menu_oppo_system.lst
#-----------------------------------------------------------------------


#title \n
#root

#-----------------------------------------------------------------------
title Mini Windows XP From Hiren's Boot CD ----------- 2015\nDONT WORK FROM PEN DRIVE ONLY FROM HDD\nMY CUSTOM MINIMAL STRIPPER VERSION
#
# example password: test 
# password --md5 $1$gNe0$KZPOE8wNbTNSKOzrajuoB0
find --set-root /HBCD/XP/XP.BIN
#map --mem /HBCD/XP/f6drivers.img (fd0)&&map --hook
chainloader /HBCD/XP/XP.BIN
#savedefault
#-----------------------------------------------------------------------

#-----------------------------------------------------------------------
title Mini Windows XP and Hiren's Boot CD ------------ 2015\nThe Programs and Menu Will Load From First Drive Seen\nLike Grub4Dos System\nISO From Drive Need Contiguous Defrag File - Internal HDD Is Quicker
map --mem /ISO/HBCD_2015_v15.2.iso (0xff)
map --hook
root (0xff)
chainloader (0xff)
#savedefault
#-----------------------------------------------------------------------



#------------------------------------------------------------
title Mini Windows 7 Ultimate 64 Bit ISO ------------- 2015\nLOADER EXECUTE INTO MEMORY GRUB4DOS\nONLY MOUSE PAD WORKER -- MADE BY MYSELF MATT.LAN 2015
map --mem /ISO/7pe_amd64_M.iso (0xff)
map --hook
root (0xff)
chainloader (0xff)
#------------------------------------------------------------
#------------------------------------------------------------
title Mini Windows 7 Ultimate 32 Bit ISO ------------- 2015\nLOADER EXECUTE INTO MEMORY GRUB4DOS\nONLY MOUSE PAD WORKER -- MADE BY MYSELF MATT.LAN 2015
map --mem /ISO/7pe_x86_M.iso (0xff)
map --hook
root (0xff)
chainloader (0xff)
#------------------------------------------------------------


# USE MORE find --set-root  



# UBUNTU
#------------------------------------------------------------
#title UBUNTU-24.04.3-DESKTOP-AMD64.ISO -------------- 2025 5.9 GB -- NOT FROM GRUB4DOS\n2025-DEC-01 -- NOT FROM GRUB4DOS
#find --set-root --ignore-floppies /ISO/ubuntu-24.04.3-desktop-amd64.iso
#map --mem /ISO/ubuntu-24.04.3-desktop-amd64.iso (0xff)
#map --hook
#root (0xff)
#chainloader (0xff)
#------------------------------------------------------------
#------------------------------------------------------------
title UBUNTU-24.04.3-DESKTOP-AMD64.IS ---------------- 2025\n2025-DEC-01 -- TO POWER DOWN USE THE POWER SWITCH NOT RESTART
find –set-root –ignore-floppies /ISO/casper/initrd
kernel /ISO/casper/vmlinuz iso-scan/filename=/ISO/ubuntu/ubuntu-11.iso file=/cdrom/preseed/ubuntu.seed boot=casper noprompt
initrd /ISO/casper/initrd
#------------------------------------------------------------

# IT BEST TO LOAD FROM MEMORY OTHER IT HAS TO BE CONTIGUOUS FILE FOR LOADING FROM HARD DRIVE
# ------------------------------------------------------------------------------------------

# MINI WINDOWS 10PE -- HIREN'S BOOT DVD
#-----------------------------------------------------------------------
title MINI WINDOWS 10PE -- HIREN'S BOOT DVD ---------- 2025 -- 2.88 GB \n8.65 UK MONEY EBAY  2025-DEC-29
map --mem /ISO/HBCD_2025_PE_x64.iso (0xff)
map --hook
root (0xff)
chainloader (0xff)
#-----------------------------------------------------------------------
#-----------------------------------------------------------------------
#title MINI WINDOWS 10PE -- HIREN'S BOOT DVD --------- 2025 - 2.88 GB -- HD32\n8.65 UK MONEY EBAY 2025-DEC-29
#map --mem /ISO/HBCD_2025_PE_x64.iso (hd32)
#map --hook
#root (hd32)
#chainloader (hd32)
#-----------------------------------------------------------------------

# WINDOWS 10 PRO RECOVERY MINI WINDOWS 10PE
#-----------------------------------------------------------------------
#title WINDOWS 10 PRO RECOVERY MINI WINDOWS 10PE -- CHAINLOAD.ISO\n36.99 UK PRICE -- WINDOWS SETUP ISO FILES ARE MISSING FROM THIS ISO
#find --set-root –ignore-floppies /ISO/WINDOWS_10_PRO_RECOVERY_MINI_PE.ISO
#chainloader /ISO/WINDOWS_10_PRO_RECOVERY_MINI_PE.ISO
#-----------------------------------------------------------------------

#-----------------------------------------------------------------------
#Option 3: Boot a Hard Disk Image (.imghd or .bin) If the .bin file is an image of a full hard disk partition, you can map it as a hard disk
#-----------------------------------------------------------------------
#title WINDOWS 10 PRO RECOVERY MINI WINDOWS 10PE ISO 01 -- Boot a MEMORY Disk Image\n36.99 UK PRICE -- WINDOWS SETUP ISO FILES ARE MISSING FROM THIS ISO
#map --mem /ISO/WINDOWS_10_PRO_RECOVERY_MINI_PE.ISO (0xff)
#map --hook
#chainloader (0xff)+1
#rootnoverify (0xff)
#boot
#-----------------------------------------------------------------------
#-----------------------------------------------------------------------
title WINDOWS 10 PRO RECOVERY MINI WINDOWS 10PE ISO -- 2025\n36.99 UK PRICE AMAZON 11-DEC-2025\nWINDOWS SETUP ISO FILES ARE MISSING FROM THIS ISO
map --mem /ISO/WINDOWS_10_PRO_RECOVERY_MINI_PE.ISO (0xff)
map --hook
root (0xff)
chainloader (0xff)
boot
#-----------------------------------------------------------------------
#-----------------------------------------------------------------------
#Option 2: Boot as a Kernel
#Some .bin files might be simple kernels that can be loaded directly. Consult the documentation for your specific .bin file to see if this method is appropriate.
#-----------------------------------------------------------------------
#title WINDOWS 10 PRO RECOVERY MINI WINDOWS 10PE ISO -- Boot as a Kernel\n
#kernel /ISO/WINDOWS_10_PRO_RECOVERY_MINI_PE.ISO
#boot
#-----------------------------------------------------------------------


# NHV-BOOT-2026-V2150-EXTREME
#------------------------------------------------------------
title NHV-BOOT-2026-V2150-EXTREME.iso ----------- 2026\n22.80 UK MONEY -- UPGRADE FOR LIFE\n2026-MAR-29
find --set-root --ignore-floppies /ISO/NHV-BOOT-2026-V2150-EXTREME.iso
map --mem /ISO/NHV-BOOT-2026-V2150-EXTREME.iso (0xff)
map --hook
root (0xff)
chainloader (0xff)
#------------------------------------------------------------

# MINITOOL PARTITION WIZARD V13.6
#------------------------------------------------------------
title MiniTool Partition Wizard v13.6 PAID_Win_10 2026\n30.22 UK MONEY -- 1 COMPUTER UPGRADE FOR LIFE\nHALF PRICE UPGRADE PREVIOUS OWNER
find --set-root --ignore-floppies /ISO/MINI_TOOL_BOOT_PARTITION_WIZARD_V13.6.iso
map --mem /ISO/MINI_TOOL_BOOT_PARTITION_WIZARD_V13.6.iso (0xff)
map --hook
root (0xff)
chainloader (0xff)
#------------------------------------------------------------

#------------------------------------------------------------
title MiniTool Partition Wizard v13.0 PAID_Win_10 2025\n30.22 UK MONEY -- 1 COMPUTER UPGRADE FOR LIFE\nHALF PRICE UPGRADE PREVIOUS OWNER
find --set-root --ignore-floppies /ISO/MINI_TOOL_BOOT_PARTITION_WIZARD_V13.0.iso
map --mem /ISO/MINI_TOOL_BOOT_PARTITION_WIZARD_V13.0.iso (0xff)
map --hook
root (0xff)
chainloader (0xff)
#------------------------------------------------------------

#------------------------------------------------------------
title MiniTool Partition Wizard v12.1 PAID_Win_10 2025\n39.00 USD PAID -- 1 Computer FOR LIFE
find --set-root --ignore-floppies /ISO/MINI_TOOL_BOOT_PARTITION_WIZARD_V12.1.iso
map --mem /ISO/MINI_TOOL_BOOT_PARTITION_WIZARD_V12.1.iso (0xff)
map --hook
root (0xff)
chainloader (0xff)
#------------------------------------------------------------

#------------------------------------------------------------
title MiniTool Partition Wizard v10.3 PAID_Win_10 2018\n30.22 UK MONEY-- 1 Computer Lifetime Upgrade\nWed 14 Nov 2018 For 8-MSI-GP62M-7RD
#
# HALF PRICE OFFER AS PREVIOUS PURCHASE DISCOUNT
# WELL GOOD VERSION SINGLE PAID ONE COMPUTER_HAVE TO ASK COMPANY FOR A CHANGE
# MOUSE IS OKAY WORKER DRIVER HIGH END COMPUTER_GETTING THERE
# CDROM ANSWER YEAH QUICKER TO BOOT FROM HER WITH HER ASUS-X5DIJ
# MINI TOOL IS AN 64 BIT BOOT SYSTEM ONLY I FOUND
#
# $39.00 USD
# MONEY PAID IS ONE COMPUTER FOR LIFE REINSTALL SETTING ARE REMEMBER AT INTERNET FOR NEXT INSTALL MUST BE SAME COMPUTER OR ASK COMPANY LEARN HAS NICE GPT MBR SWAPPER UP TO 4TB PAST LIMIT IN PRODUCT BEFORE
# GET THE ONE THAST ALLOW ISO BOOTABLE AND BE HERE
#
#
find --set-root --ignore-floppies /ISO/MINI_TOOL_BOOT_PARTITION_WIZARD_V10.3.iso
map --mem /ISO/MINI_TOOL_BOOT_PARTITION_WIZARD_V10.3.iso (0xff)
map --hook
root (0xff)
chainloader (0xff)
#------------------------------------------------------------

#------------------------------------------------------------
title MiniTool Partition Wizard v10.0 PAID_Win_10 2017\n39.00 USD PAID -- 1 Computer 1 Year From Mon 15 Aug 2017\nINSTALLED FOR 8-MSI-GP62M-7RD
#
# \nA WELL GOOD VERSION SINGLE PAID ONE COMPUTER_HAVE TO ASK COMPANY FOR A CHANGE\nMOUSE IS OKAY WORKER DRIVER HIGH END COMPUTER_GETTING THERE\nCDROM ANSWER YEAH QUICKER TO BOOT FROM HER WITH HER ASUS-X5DIJ\nMINI TOOL IS AN 64 BIT BOOT SYSTEM ONLY I FOUND
#
# $39.00 USD
# MONEY PAID IS ONE COMPUTER FOR LIFE REINSTALL SETTING ARE REMEMBER AT INTERNET FOR NEXT INSTALL MUST BE SAME COMPUTER OR ASK COMPANY LEARN HAS NICE GPT MBR SWAPPER UP TO 4TB PAST LIMIT IN PRODUCT BEFORE
# GET THE ONE THAST ALLOW ISO BOOTABLE AND BE HERE
#
#
find --set-root --ignore-floppies /ISO/MINI_TOOL_BOOT_PARTITION_WIZARD_V10.0.iso
map --mem /ISO/MINI_TOOL_BOOT_PARTITION_WIZARD_V10.0.iso (0xff)
map --hook
root (0xff)
chainloader (0xff)
#------------------------------------------------------------

#------------------------------------------------------------
title MiniTool Partition Wizard v9    Free ------ 2017\nLOADER EXECUTE INTO MEMORY GRUB4DOS
map --mem /ISO/MINI_TOOL_BOOT_PARTITION_WIZARD_V9_Free.iso (0xff)
map --hook
root (0xff)
chainloader (0xff)
#------------------------------------------------------------


#------------------------------------------------------------
title MiniTool Power Data Recovery V12.7__PAID___ 2018__UN-Erase File\nCost $89-USD Buy for Keep\n1 Computer Lifetime Upgrade\nInstalled From 06 June 2018 for 4-ASUS-GL522VW CAN'T UPGRADE ANYMORE
#
# C:\ISO\MINI_TOOL_BOOT_RECOVERY_V12.7.iso
# Personal Deluxe License 1 X $89.00 USD
#
# \nISO Portable Snap-in WinPE Bootable Builder
# 1 Computer From Mon 06 June 2018 on 4-ASUS-GL522VW
# Snap-in WinPE Bootable Builder
# Single License for 1 PC
# Free lifetime Upgrade Service
#
find --set-root --ignore-floppies /ISO/MINI_TOOL_BOOT_RECOVERY_V12.7.iso
map --mem /ISO/MINI_TOOL_BOOT_RECOVERY_V12.7.iso (0xff)
map --hook
root (0xff)
chainloader (0xff)
#------------------------------------------------------------


#------------------------------------------------------------
title MiniTool Power Data Recovery V8.0___PAID___ 2018__UN-Erase File\nCost $89-USD Buy for Keep Only Option\n1 Computer Lifetime Upgrade\nInstalled From 06 June 2018 for 4-ASUS-GL522VW CAN'T UPGRADE ANYMORE
#
# MiniTool Power Data Recovery V8.0
# Personal Deluxe License 1 X $89.00 USD
#
# \nISO Portable Snap-in WinPE Bootable Builder
# 1 Computer From Mon 06 June 2018 on 4-ASUS-GL522VW
# Snap-in WinPE Bootable Builder
# Single License for 1 PC
# Free lifetime Upgrade Service
#
find --set-root --ignore-floppies /ISO/MINI_TOOL_BOOT_RECOVERY_V8.iso
map --mem /ISO/MINI_TOOL_BOOT_RECOVERY_V8.iso (0xff)
map --hook
root (0xff)
chainloader (0xff)
#------------------------------------------------------------

#------------------------------------------------------------
title MiniTool ShadowMaker Pro V3.0 _ PAID ______ 2018__CLONE DISK\nCost $29.00 29.40 UK MONEY 1 Year 1 Computer From Mon 05 November 2018\nNone Option to Buy for Keeper Yet But Talker Going\nInstalled For 4-ASUS-GL522VW
#
# \nISO Portable Snap-in WinPE Bootable Builder
find --set-root --ignore-floppies /ISO/MINI_TOOL_SHADOWMAKER_PRO_V3.iso
map --mem /ISO/MINI_TOOL_SHADOWMAKER_PRO_V3.iso (0xff)
map --hook
root (0xff)
chainloader (0xff)
#------------------------------------------------------------

#------------------------------------------------------------
title EasyRE_Professional_for_Windows_11_HOME____ 2025__MEM __ VER 25H2 \n15.31 UK MONEY\nMEMORY LOADER\nNOT WORK GRUB4DOS
find --set-root --ignore-floppies /ISO/EasyRE_Home_for_Windows_11_Ver_25H2_24_Apr_2026.iso
map --mem /ISO/EasyRE_Home_for_Windows_11_Ver_25H2_24_Apr_2026.isoo (0xff)
map --hook
root (0xff)
chainloader (0xff)
#------------------------------------------------------------

#------------------------------------------------------------
title EasyRE_Professional_for_Windows_10_PRO_____ 2025__MEM __ VER 22H2\n$59.99 USD\nMEMORY LOADER -- HERE TO STAY, THERE ARE NO MORE UPDATES TO WINDOWS 10\nNOT WORK GRUB4DOS
find --set-root --ignore-floppies /ISO/EasyRE_Professional_for_Windows_10_Pro_22H2.iso
map --mem /ISO/EasyRE_Professional_for_Windows_10_Pro_22H2.iso (0xff)
map --hook
root (0xff)
chainloader (0xff)
#------------------------------------------------------------

#------------------------------------------------------------
#title EasyRE Professional for Windows 10_PRO____ 2017__HDD __ VER 1703\nNOT WORK EARLIER WINDOWS 10 VERSION ONLY\nEXPERIMENTAL_NOT WORKER __ HDD LOADER _ CONTIGUOUS DEFRAG REQUIRE
find --set-root  --ignore-floppies /ISO/EasyRE_Professional_for_Windows_10_Ver_1703_Apr_2017.iso
map --mem /ISO/EasyRE_Professional_for_Windows_10_Ver_1703_Apr_2017.iso (hd32)
map --hook
root (hd32)
chainloader (hd32)
#------------------------------------------------------------

#------------------------------------------------------------
title EasyRE Professional for Windows XP ________ 2018\nEXPERIMENTAL NOT WORKING FROM GRUB4DOS -- CDROM OR PEN DRIVE EASYIER __ FORMAT FAT32 1ST\nDONT RELY ON ERASE/CLEAN TO DO ISO FOR PEN-DRIVE MEMORY CARD
find --set-root --ignore-floppies /ISO/EasyRE_Professional_for_Windows_XP.iso
map --mem /ISO/EasyRE_Professional_for_Windows_XP.iso (0xff)
map --hook
root (0xff)
chainloader (0xff)
#------------------------------------------------------------

#------------------------------------------------------------
title Disk Imager Laplink __ PAID________________ 2017\nCDROM\nANSWER YES QUICKER TO BOOT FROM HER WITH HER
find --set-root --ignore-floppies /ISO/LAP-LINK.ISO
map --mem /ISO/LAP-LINK.ISO (0xff)
map --hook
root (0xff)
chainloader (0xff)
#------------------------------------------------------------

#-----------------------------------------------------------------------
#title UBUNTU - Linux UBUNTU-14.04.1-DESKTOP-AMD64.ISO (981 MB) From Memory\nFrom the DVD of Ultimate Multi Boot CD\nUBUNTU Loads Another 1GB ISO Making 2GB\n
#ls /images/ubuntudesktopamd64.iso || find --set-root /images/ubuntudesktopamd64.iso
#map --heads=0 --sectors-per-track=0 /images/ubuntudesktopamd64.iso (0xff) || map --heads=0 --sectors-per-track=0 --mem /images/ubuntudesktopamd64.iso (0xff)
#map --hook
#chainloader (0xff)
#-----------------------------------------------------------------------

#-----------------------------------------------------------------------
#title UBUNTU - Linux UBUNTU-14.04.1-DESKTOP-AMD64.ISO (981 MB) From HDD -- NOT WORK ANYMOE\nFrom the DVD of Ultimate Multi Boot CD\nUBUNTU Loads Another 1GB ISO Making 2GB\n
#ls /images/ubuntudesktopamd64.iso || find --set-root /images/ubuntudesktopamd64.iso
#map --heads=0 --sectors-per-track=0 /images/ubuntudesktopamd64.iso (hd32) || map --heads=0 --sectors-per-track=0 --mem /images/ubuntudesktopamd64.iso (hd32)
#map --hook
#root (hd32) 
#chainloader (hd32)
#-----------------------------------------------------------------------

#-----------------------------------------------------------------------
#title ULTIMATE Multi Boot CD Disk ISO (599 MB) UBCD532.ISO\nOf The DVD That Include The Linux UBUNTU Below 2015
#ls /ISO/MULTI_BOOT_DISK.iso || find --set-root /ISO/MULTI_BOOT_DISK.iso
#map --heads=0 --sectors-per-track=0 /ISO/MULTI_BOOT_DISK.iso (0xff) || map --heads=0 --sectors-per-track=0 --mem /ISO/MULTI_BOOT_DISK.iso (0xff)
#map --hook
#chainloader (0xff)
#-----------------------------------------------------------------------

#-----------------------------------------------------------------------
################ MINI PE DIGIWIZ -- MINI PE DIGIWIZ WON'T WORK FROM ANY SUBDIR
title MINIPE DigiWiz 2006 the First of the MINIPE Windows XP\n
ls /ISO/MINI_PE_DIGIWIZ.iso || find --set-root /ISO/MINI_PE_DIGIWIZ.iso
map --mem /ISO/MINI_PE_DIGIWIZ.iso (0xff)
map --mem /winvblock.img.gz (fd0)
#map --mem /winvblock.img.gz (fd1)
map --hook
root (0xff)
chainloader (0xff)

#-----------------------------------------------------------------------
title Tuff_Test v1.35 __ 2015\nWhen Run From Grub4Dos Crashes at Floppy Test\nBetter In Virtual Machine OR CD-ROM ISO
#find --set-root /ISO/TUFF_TEST_V1_35__2015.iso 
#ls /ISO/TUFF_TEST_V1_35__2015.iso || find --set-root /ISO/TUFF_TEST_V1_35__2015.iso
#find --set-root --ignore-floppies --ignore-cd /ISO/TUFF_TEST_V1_35__2015.iso
find --set-root /ISO/TUFF_TEST_V1_35__2015.iso
map --mem /ISO/TUFF_TEST_V1_35__2015.iso (0xff)
#map --mem /winvblock.img.gz (fd0)
#map --mem /winvblock.img.gz (fd1)
#ABOVE DON'T MAKE ANY DIFFERANCE TO THE FLOPPY TEST CRASH
map --hook
root (0xff)
chainloader (0xff)
#NOTHING WORKS FOR FLOPPY EMULATOR
#cant get floppy emulator to work then crashes on that test
#chainloader (fd0)+1
#rootnoverify (fd0)
#map --floppies=1
#-----------------------------------------------------------------------


#-----------------------------------------------------------------------
title Acronis True Image Western Digital Hard Drive Version V16 _ 2015 ISO\nGood Drive Duplicate - But Didn't Have Copy the Erased Files Very Well for Me\nPARTTION WIZARD BETTER
find --set-root /ISO/ACRONIS_TRUE_IMAGE_WD_V16_2015.iso 
map --mem /ISO/ACRONIS_TRUE_IMAGE_WD_V16_2015.iso (0xff)
map --hook
root (0xff)
chainloader (0xff)
#savedefault
#THROWS A ERROR IF USE SAVEDEFAULT SEEM LIKE ANOTHER PROGRAM FROM HBCD
#-----------------------------------------------------------------------



#-----------------------------------------------------------------------
#-----------------------------------------------------------------------
#HAS TO BE A CONTIGOUS ISO FILE TO RUN AS A DISK NOT MEM ABOVE
#find --set-root /ISO/MINI_PE_DIGIWIZ.iso 
#map /ISO/MINI_PE_DIGIWIZ.iso (hd32) 
#map --hook 
#root (hd32) 
#chainloader (hd32)
#savedefault
######### END -- MINIPE DIGI WIZ
#-----------------------------------------------------------------------

#-----------------------------------------------------------------------
###
title Dos Programs - Hiren's HBCD\nRun Dos Programs\nWon't Return to This Menu With Folder HBCD\nNot Relocatable to a Folder\n
set dos=/HBCD/Dos/dos.gz
find --set-root /HBCD/Boot/dos.img && set dos=/HBCD/Boot/dos.img
# to make big floppy image of all the dos programs (Useful when booted from NTFS usb drive) open HBCD\DOS\dosimg.cmd
find --set-root %dos%
map --mem %dos% (fd0)
map --hook
chainloader (fd0)+1
rootnoverify (fd0)
map --floppies=1
#-----------------------------------------------------------------------

#-----------------------------------------------------------------------
#title Linux based rescue environment (Parted Magic 2012-10-10)\nTo manage partitions, backup and recovery
#set pm=/HBCD/Boot/pmagic.lst
#find --set-root %pm%
#set lang=us
#set opt=
#configfile %pm%
#-----------------------------------------------------------------------

#-----------------------------------------------------------------------
title Windows Memory Diagnostic - Windows 7 - HBCD\n
find --set-root /HBCD/Boot/wmemtest.gz
kernel /HBCD/Boot/memdisk
initrd /HBCD/Boot/wmemtest.gz
#-----------------------------------------------------------------------

#-----------------------------------------------------------------------
title MemTest86+ HBCD\n
find --set-root /HBCD/Boot/memtest.gz
map --mem /HBCD/Boot/memtest.gz (fd0)
map --hook
chainloader (fd0)+1
rootnoverify (fd0)
map --floppies=1
#-----------------------------------------------------------------------

#-----------------------------------------------------------------------
#title Offline NT/2000/XP/Vista/7 Password Changer\nWindows Password Reset 2011-05-11
#find --set-root /HBCD/Boot/chntpw
#set opt=vga=1
#clear
#echo Press ENTER to boot, or give linux kernel boot options first if needed.
#echo Some that I have to use once in a while:
#echo boot: nousb     - to turn off USB if not used and it causes problems
#echo boot: irqpoll   - if some drivers hang with irq problem messages
#echo boot: vga=ask   - if you have problems with the videomode
#echo boot: nodrivers - skip automatic disk driver loading
#echo
#set /p opt=boot: 
#kernel /HBCD/Boot/chntpw %opt%
#initrd /HBCD/Boot/chntpw.gz
#-----------------------------------------------------------------------

#-----------------------------------------------------------------------
#title Kon-Boot\nWindows (any/blank password) and Linux (kon-usr) Login Without a Password
#set kon=konboot.gz
#find --set-root /HBCD/Boot/konboot.gz | set iscd=
#find --set-root /HBCD/Boot/konbootp.gz && set kon=konbootp.gz
#map --mem /HBCD/Boot/%kon% (fd0)
#map --hook
#chainloader (fd0)+1
#if not "%iscd%"=="(cd)" pause --wait=2 HDD SWAP
#if not "%iscd%"=="(cd)" map (hd1) (hd0) 
#map --hook
#rootnoverify (fd0)
#map --floppies=1
#-----------------------------------------------------------------------

#-----------------------------------------------------------------------
#title Seagate DiscWizard (Powered by Acronis Trueimage)\nPress ALT+T+O+K to skip Error
#find --set-root /HBCD/Boot/SeagatDW
#kernel /HBCD/Boot/SeagatDW vga=788 ramdisk_size=32768 acpi=off quiet noapic mbrcrcs on
#initrd /HBCD/Boot/SeagatDW.gz
#-----------------------------------------------------------------------

title PLoP Boot Manager\n
find --set-root /HBCD/Boot/plpbt.bin
kernel /HBCD/Boot/plpbt.bin

title Smart Boot Manager 3.7.1\n
find --set-root /HBCD/Boot/smartbm.gz
kernel /HBCD/Boot/memdisk
initrd /HBCD/Boot/smartbm.gz

title Fix "NTLDR is Missing"\n
find --set-root /HBCD/Boot/ntldr.gz
kernel /HBCD/Boot/memdisk
initrd /HBCD/Boot/ntldr.gz

#title Darik's Boot and Nuke (Hard Disk Eraser)\n
#find --set-root /HBCD/Boot/dban.gz
#kernel /HBCD/Boot/memdisk
#initrd /HBCD/Boot/dban.gz

#title Custom Menu...  (Use HBCDCustomizer to add your files)\n
#find --set-root /HBCD/menu-custom.lst
#configfile /HBCD/menu-custom.lst

#title ...\n
#root

#-----------------------------------------------------------------------
title Dos Programs (Alternative Boot Method)\nUsing Memdisk
set dos=/HBCD/Dos/dos.gz
find --set-root /HBCD/Boot/dos.img && set dos=/HBCD/Boot/dos.img
find --set-root %dos%
kernel /HBCD/Boot/memdisk floppy
initrd %dos%
#-----------------------------------------------------------------------


#title \n
#root

#title More...\n
#root

title Boot HDD 1 MBR\n
rootnoverify (hd0)
chainloader +1
title Boot HDD 1 Partition 1\n
rootnoverify (hd0,0)
chainloader +1
title Boot HDD 1 Partition 2\n
rootnoverify (hd0,1)
chainloader +1
title Boot HDD 1 Partition 3\n
rootnoverify (hd0,2)
chainloader +1
title Boot HDD 1 Partition 4\n
rootnoverify (hd0,3)
chainloader +1
title Boot HDD 1 Partition 5\n
rootnoverify (hd0,4)
chainloader +1
title Boot HDD 2 MBR\n
rootnoverify (hd1)
chainloader +1
title Boot HDD 2 Partition 1\n
rootnoverify (hd1,0)
chainloader +1
title Boot HDD 2 Partition 2\n
rootnoverify (hd1,1)
chainloader +1
title Boot HDD 2 Partition 3\n
rootnoverify (hd1,2)
chainloader +1
title Boot HDD 2 Partition 4\n
rootnoverify (hd1,3)
chainloader +1
title Boot HDD 3 MBR\n
rootnoverify (hd2)
chainloader +1
title Boot HDD 3 Partition 1\n
rootnoverify (hd2,0)
chainloader +1
title Boot HDD 3 Partition 2\n
rootnoverify (hd2,1)
chainloader +1
title Boot HDD 3 Partition 3\n
rootnoverify (hd2,2)
chainloader +1
title Boot HDD 3 Partition 4\n
rootnoverify (hd2,3)
chainloader +1

#title More...\n
#root

#-----------------------------------------------------------------------
title Boot Windows XP (NTLDR) from Hard Drive\n
find --set-root --ignore-floppies --ignore-cd /ntldr
map () (hd0)
map (hd0) ()
map --rehook
find --set-root --ignore-floppies --ignore-cd /ntldr
chainloader /ntldr
#-----------------------------------------------------------------------

#-----------------------------------------------------------------------
title Boot Windows Vista/7 (BOOTMGR) from Hard Drive\n
find --set-root --ignore-floppies --ignore-cd /bootmgr
map () (hd0,2)
map (hd0,2) ()
map --rehook
find --set-root --ignore-floppies --ignore-cd /bootmgr
chainloader /bootmgr
#-----------------------------------------------------------------------

#-----------------------------------------------------------------------
title Chainload ISOLinux.bin\n
find --set-root /HBCD/isolinux.bin
chainloader /HBCD/isolinux.bin
#-----------------------------------------------------------------------

title Reboot
reboot

title Shutdown
halt

#-----------------------------------------------------------------------
title Custom Menu...  (Use HBCDCustomizer to add your files)\n
find --set-root /HBCD/menu-custom.lst
configfile /HBCD/menu-custom.lst
#-----------------------------------------------------------------------

root

title ...Back\n
root


#Alternative if you have plenty of system memory (Executes quicker once loaded into memory)