timeout 15

#----------------------------------
#title Boot Windows XP (NTLDR)  from Hard Drive\n
iftitle [find /ntldr] Boot Windows XP (NTLDR)  from Hard Drive
find --set-root --ignore-floppies --ignore-cd /ntldr
map () (hd0)
map (hd0) ()
map --rehook
find --set-root --ignore-floppies --ignore-cd /ntldr
chainloader /ntldr


title Boot Windows 7 10 (BOOTMGR) from Hard Drive\n
find --set-root --ignore-floppies --ignore-cd /bootmgr
map () (hd0)
map (hd0) ()
map --rehook
find --set-root --ignore-floppies --ignore-cd /bootmgr
chainloader /bootmgr


#THE EASY WAY AS TWO BOOTMGR'S ON THIS SYSTEM - SYSTEM RESERVED DRIVE LOADS FIRST
#TO A LOGICAL DRIVE PARTITION 3 OR - 0 TO 2 = 3
#----------------------------------------------
#iftitle [find /#bootmgr_acer_win_7] Boot Windows 7 (BOOTMGR) from Hard Drive Part 3 of 0-2\n
#rootnoverify (hd0,2)
#chainloader +1


title Windows Operating System Setup Installs Menu\nWindows 95 - Windows 98SE - Windows ME (Millenium Edition)\nWindows XP Home - Windows XP Pro SP3\nWindows 7 Starter - Windows 7 Home Premium - Windows 10 
find --set-root /menu_win_oppo_system_installs.lst
configfile /menu_win_oppo_system_installs.lst


#title Boot Windows XP (NTLDR)   from Hard Drive 2\n
#find --set-root --ignore-floppies --ignore-cd /ntldr
#map () (hd1)
#map (hd1) ()
#map --rehook
#find --set-root --ignore-floppies --ignore-cd /ntldr
#chainloader /ntldr


#title Boot Windows Vista/7 (BOOTMGR) from Hard Drive\n
#title Boot Windows 7  (BOOTMGR) from Hard Drive\n
#find --set-root --ignore-floppies --ignore-cd /bootmgr
#map () (hd0)
#map (hd0) ()
#map --rehook
#find --set-root --ignore-floppies --ignore-cd /bootmgr
#chainloader /bootmgr


#title \n
#root

title Mini Windows XP From Hiren's Boot CD\nDONT WORK FROM PEN DRIVE ONLY FROM HDD IS MY CUSTOM MINIMAL STRIPPER VERSION\nHIREN XP IT LOADS IN THE NOTEPAD++ HERE AT START (\MENU.LST) FOR QUICKER EDITOR\nHITT WORD WRAP ICON TO DO BETTER
#
# example password: test 
# password --md5 $1$gNe0$KZPOE8wNbTNSKOzrajuoB0
find --set-root /HBCD/XP/XP.BIN
#map --mem /HBCD/XP/f6drivers.img (fd0)&&map --hook
chainloader /HBCD/XP/XP.BIN

# REM ONLY WORK FROM HDD BOOT NOT PEN DRIVE OR FAIL
# REM NOT SURE WERE IDEA CAME FROM IT DOES BOOT IN HOW I WANT


title Mini Windows XP and All Hiren's Boot CD - From ISO\nThe Programs and Menu Will Load From First Drive Seen - Like Grub4Dos System\nAnswer For a Moment Reload the Programs Launcher From The Drive You Want\nI Think This Method Has More In Memory Overhead Than Load From HardDrive Folder\nOr ISO From Drive Need Contiguous Defrag File - Internal HDD Is Quicker
map --mem /ISO/HBCD_2015_v15.2.iso (0xff)
map --hook
root (0xff)
chainloader (0xff)


title Mini Windows XP and All Hiren's Boot CD - From ISO With HDD Contiguous\nThe Programs and Menu Will Load From First Drive Seen - Like Grub4Dos System\nAnswer For a Moment Reload the Programs Launcher From The Drive You Want\nI Think This Method Has More In Memory Overhead Than Load From HardDrive Folder Or ISO From Drive Need Contiguous Defrag File - Internal HDD Is Quicker
#FIND --SET ROOT FOR SUB FOLDERS AND OTHER DRIVES
find --set-root /ISO/HBCD_2015_v15_2.iso 
map /ISO/HBCD_2015_v15.2.iso (hd32)
map --hook
root (hd32)
chainloader (hd32)


# USE MORE find --set-root 

#Alternative if you have plenty of system memory (excutes faster once loaded into memory)
title Mini Windows 7 Ultimate 32 Bit ISO\nLOADER EXECUTE INTO MEMORY GRUB4DOS
map --mem /ISO/7pe_x86_M.iso (0xff)
map --hook
root (0xff)
chainloader (0xff)


title Mini Windows 7 Ultimate 64 Bit ISO\nLOADER EXECUTE INTO MEMORY GRUB4DOS
map --mem /ISO/7pe_amd64_M.iso (0xff)
map --hook
root (0xff)
chainloader (0xff)


################ MINI PE DIGIWIZ -- MINI PE DIGIWIZ WON'T WORK FROM ANY SUBDIR
title MINIPE DigiWiz 2006 the First of the MINIPE Windows XP\n
ls /ISO/MINI_PE_DIGIWIZ.iso || find --set-root /ISO/MINI_PE_DIGIWIZ.iso
map --mem /ISO/MINI_PE_DIGIWIZ.iso (0xff)
map --mem /winvblock.img.gz (fd0)
#map --mem /winvblock.img.gz (fd1)
map --hook
root (0xff)
chainloader (0xff)


#HAS TO BE A CONTIGOUS ISO FILE TO RUN AS A DISK NOT MEM ABOVE
#find --set-root /ISO/MINI_PE_DIGIWIZ.iso 
#map /ISO/MINI_PE_DIGIWIZ.iso (hd32) 
#map --hook 
#root (hd32) 
#chainloader (hd32)
######### END -- MINIPE DIGI WIZ


### MENU START
title ULTIMATE Multi Boot CD Disk ISO (599 MB) UBCD532.ISO\nOf The DVD That Include The Linux UBUNTU Below 2015
ls /ISO/MULTI_BOOT_DISK.iso || find --set-root /ISO/MULTI_BOOT_DISK.iso
map --heads=0 --sectors-per-track=0 /ISO/MULTI_BOOT_DISK.iso (0xff) || map --heads=0 --sectors-per-track=0 --mem /ISO/MULTI_BOOT_DISK.iso (0xff)
map --hook
chainloader (0xff)
### MENU END


#title \n
#root


### MENU START
title UBUNTU - Linux UBUNTU-14.04.1-DESKTOP-AMD64.ISO  (981 MB)\nFrom the DVD of Ultimate Multi Boot CD\nUBUNTU Loads Another 1GB ISO Making 2GB\n
ls /images/ubuntudesktopamd64.iso || find --set-root /images/ubuntudesktopamd64.iso
map --heads=0 --sectors-per-track=0 /images/ubuntudesktopamd64.iso (0xff) || map --heads=0 --sectors-per-track=0 --mem /images/ubuntudesktopamd64.iso (0xff)
map --hook
chainloader (0xff)
### MENU END


###
title Dos Programs - Hiren's HBCD\nRun Dos Programs\nWon't Return to This Menu With Folder HBCD\nNot Relocatable to a Folder\n
set dos=/HBCD/Dos/dos.gz
find --set-root /HBCD/Boot/dos.img && set dos=/HBCD/Boot/dos.img
# to make big floppy image of all the dos programs (Useful when booted from NTFS usb drive) open HBCD\DOS\dosimg.cmd
find --set-root %dos%
map --mem %dos% (fd0)
map --hook
chainloader (fd0)+1
rootnoverify (fd0)
map --floppies=1


title Windows Memory Diagnostic - Windows 7 - HBCD\n
find --set-root /HBCD/Boot/wmemtest.gz
kernel /HBCD/Boot/memdisk
initrd /HBCD/Boot/wmemtest.gz


title MemTest86+ HBCD\n
find --set-root /HBCD/Boot/memtest.gz
map --mem /HBCD/Boot/memtest.gz (fd0)
map --hook
chainloader (fd0)+1
rootnoverify (fd0)
map --floppies=1


title PLoP Boot Manager\n
find --set-root /HBCD/Boot/plpbt.bin
kernel /HBCD/Boot/plpbt.bin


title Smart Boot Manager 3.7.1\n
find --set-root /HBCD/Boot/smartbm.gz
kernel /HBCD/Boot/memdisk
initrd /HBCD/Boot/smartbm.gz


title Fix "NTLDR is Missing"\n
find --set-root /HBCD/Boot/ntldr.gz
kernel /HBCD/Boot/memdisk
initrd /HBCD/Boot/ntldr.gz


#title ...\n
#root


title Dos Programs (Alternative Boot Method)\nUsing Memdisk
set dos=/HBCD/Dos/dos.gz
find --set-root /HBCD/Boot/dos.img && set dos=/HBCD/Boot/dos.img
find --set-root %dos%
kernel /HBCD/Boot/memdisk floppy
initrd %dos%


#title More...\n
#root


title Boot HDD 1 MBR\n
rootnoverify (hd0)
chainloader +1
title Boot HDD 1 Partition 1\n
rootnoverify (hd0,0)
chainloader +1
title Boot HDD 1 Partition 2\n
rootnoverify (hd0,1)
chainloader +1
title Boot HDD 1 Partition 3\n
rootnoverify (hd0,2)
chainloader +1
title Boot HDD 1 Partition 4\n
rootnoverify (hd0,3)
chainloader +1
title Boot HDD 1 Partition 5\n
rootnoverify (hd0,4)
chainloader +1
title Boot HDD 2 MBR\n
rootnoverify (hd1)
chainloader +1
title Boot HDD 2 Partition 1\n
rootnoverify (hd1,0)
chainloader +1
title Boot HDD 2 Partition 2\n
rootnoverify (hd1,1)
chainloader +1
title Boot HDD 2 Partition 3\n
rootnoverify (hd1,2)
chainloader +1
title Boot HDD 2 Partition 4\n
rootnoverify (hd1,3)
chainloader +1
title Boot HDD 3 MBR\n
rootnoverify (hd2)
chainloader +1
title Boot HDD 3 Partition 1\n
rootnoverify (hd2,0)
chainloader +1
title Boot HDD 3 Partition 2\n
rootnoverify (hd2,1)
chainloader +1
title Boot HDD 3 Partition 3\n
rootnoverify (hd2,2)
chainloader +1
title Boot HDD 3 Partition 4\n
rootnoverify (hd2,3)
chainloader +1

#title More...\n
#root


title Chainload isolinux.bin\n
find --set-root /HBCD/isolinux.bin
chainloader /HBCD/isolinux.bin


title 1st Menu...  Root Boot\nRoot Boot - Rock Bottom - Straw That Broke the Camels Back - Armadilo\nFirst Menu.lst\n
find --set-root /menu.lst
configfile /menu.lst


title Reboot
reboot


title Shutdown
halt


title Custom Menu...  (Use HBCDCustomizer to add your files)\n
find --set-root /HBCD/menu-custom.lst
configfile /HBCD/menu-custom.lst


root


title ...Back\n
root
