timeout 10
default /default
#default 0

# -------------------------------------------------------------------------------
# OPERATING SYSTEM AND INSTALLATION'S MENU
# I USE THIS OPERATING SYSTEM MENU HERE AS A SUB MENU
# BECAUSE THEY USE FINDS OF FILE
# WHICH MAKE MENU LOAD LESS QUICK AND MAY ALSO PROBLEM LOAD IF DRIVES GOT PROBLEM
# THE FIRST MENU IS A TYPE ALL PRE-SET TYPE HARD CODED QUICKER
---------------------------------------------------------------------------------

#write (md)0x220+1 !BAT\necho -n -P:0000 $[0107] Hiren's BootCD 15.2 \0 && initscript (md)0x220+1
#write (md)0x220+1 !BAT\necho -n -P:0000 $[0107] Matthew's ASUS PC Grub4Dos \0 && initscript (md)0x220+1

#color white/blue  black/light-gray white/black white/black
#splashimage /multi/images/sunrise.gz


# IN THE ROOT FOLDER YOUR FIND FROM MINIPE -> THE'MULTI' FOLDER CONTENTS
####
# 1.drv
# 2.images
# 3.PStart
# 4.SxS_Fix_Win7PE
# 5.x86
# NOT SURE - IF THESE ARE NECCESSARY WHEN BOOTING FROM ISO 
# I'M NOT SURE BUT *PSTART* IS
####
# only BootMgr - With Windows 7
# and NTLDR - with windows XP
####
# THE *IS* COMMAND CAN FIND A FOLDER
# THE *FIND* CAN USE FOR FILES

# DON'T INCLUDE \n IN THE END OF TITLE AND DISPLAY DEFAULT WHAT TO DO MENU INSTRUCTION
# I INCLUDE THAT FOR ONLY THE FIRST ONE

#find --set-root --ignore-floppies --ignore-cd /bootmgr || find --set-root --ignore-floppies --ignore-cd /ntldr || rootnoverify (hd0) && chainloader +1 && boot
#map () (hd0) && map (hd0) () && map --rehook
#find --set-root --devices=h /bootmgr || find --set-root --ignore-floppies --ignore-cd /ntldr
#chainloader /bootmgr || chainloader /ntldr


#CAN'T MAKE THIS WORK - SEEMS TO RESCAN BOOTMGR AGAIN FROM CHAINLOADER
#iftitle [find /#bootmgr_acer_win_7] Boot Windows 7 (BOOTMGR)    from Hard Drive experiment \n
##find --set-root --ignore-floppies --ignore-cd /Wndows 7 Computer.txt
##map () (hd0,2)
##map (hd0,2) ()
##map --rehook
#find --set-root --ignore-floppies --ignore-cd /Wndows_7_Computer.txt
##rootnoverify (hd0,2)
#chainloader /bootmgr
#savedefault



#----------------------------------
#title Boot Windows XP (NTLDR)  from Hard Drive\n
iftitle [find /ntldr] Boot Windows XP (NTLDR)  from Hard Drive
find --set-root --ignore-floppies --ignore-cd /ntldr
map () (hd0)
map (hd0) ()
map --rehook
find --set-root --ignore-floppies --ignore-cd /ntldr
chainloader /ntldr
#savedefault

#THE EASY WAY AS TWO BOOTMGR'S ON THIS SYSTEM - SYSTEM RESERVERED DRIVE LOADS FIRST
#TO A LOGICAL DRIVE PARTITION 3 OR - 0 TO 2 = 3
#----------------------------------------------
####

#----------------------------------- SPECIAL PARTICIAN BOOT LOADER FOR ACER ONE
iftitle [find /Windows_7_Computer_Acer_One.txt] Boot Windows 7 (BOOTMGR) from Hard Drive Partition 3 of 0-2 - Acer One
#title Boot Windows 7 (BOOTMGR) from Hard Drive Part 3 of 0-2 - Acer One\n
rootnoverify (hd0,2)
chainloader +1
#savedefault


# - 1ST 2 OUT THE WAY FOR OUR MATRIX SELECTOR WHAT OPPERATING SYSTEM TO USE


#title Boot Windows XP (NTLDR)   from Hard Drive 2\n
#find --set-root --ignore-floppies --ignore-cd /ntldr
#map () (hd1)
#map (hd1) ()
#map --rehook
#find --set-root --ignore-floppies --ignore-cd /ntldr
#chainloader /ntldr
#savedefault

#title Boot Windows Vista/7 (BOOTMGR) from Hard Drive\n
#title Boot Windows 7  (BOOTMGR) from Hard Drive\n
#find --set-root --ignore-floppies --ignore-cd /bootmgr
#map () (hd0)
#map (hd0) ()
#map --rehook
#find --set-root --ignore-floppies --ignore-cd /bootmgr
#chainloader /bootmgr
#savedefault


title \n
root

#title More...\n
#root

# STILL A IF TITLE ON HERE FOR PEOPLE EITHER WINDOWS XP OR WINDOWS 7
# COULD BE THE FIRST YOU SEE OF WINDOWS 7
# \n PROBLEM WHAT TO DO

iftitle [find /ntldr] Boot Windows XP (NTLDR)  from Hard Drive
#title Boot Windows XP (NTLDR) from Hard Drive
find --set-root --ignore-floppies --ignore-cd /ntldr
map () (hd0)
map (hd0) ()
map --rehook
find --set-root --ignore-floppies --ignore-cd /ntldr
chainloader /ntldr
savedefault

title Boot Windows Vista/7 (BOOTMGR) from Hard Drive
find --set-root --ignore-floppies --ignore-cd /bootmgr
map () (hd0,0)
map (hd0,0) ()
map --rehook
find --set-root --ignore-floppies --ignore-cd /bootmgr
chainloader /bootmgr
savedefault

title Mini Windows XP From Hiren's Boot CD - From Folder\nThe Programs In This HBCD\nAre My Edit Command Batch File Search and Replaced to Leave\nMost Program Files Unpacked After USE
# example password: test 
# password --md5 $1$gNe0$KZPOE8wNbTNSKOzrajuoB0
find --set-root /HBCD/XP/XP.BIN
#map --mem /HBCD/XP/f6drivers.img (fd0)&&map --hook
chainloader /HBCD/XP/XP.BIN
savedefault

title Mini Windows XP And Hiren's Boot CD - From ISO IN Mem\nThe Programs and Menu Will Load From First Drive Seen - Like Grub4Dos System\nAnswer For a Moment Reload the Programs Launcher From The Drive You Want\nI Think This Method Has More In Memory Overhead Than Load From HardDrive Folder Or ISO From Drive Need Contiguous Defragged File
map --mem /ISO/HBCD_2015_v15.2.iso (0xff)
map --hook
root (0xff)
chainloader (0xff)
savedefault

# USE MORE find --set-root 

#Alternative if you have plenty of system memory (excutes MUCH QUICKER once loaded into memory)
#-----------------------------------------
title Mini Windows 7 Ultimate 32 Bit ISO\n
map --mem /ISO/7pe_x86_M.iso (0xff)
map --hook
root (0xff)
chainloader (0xff)

title Mini Windows 7 Ultimate 64 Bit ISO\n
map --mem /ISO/7pe_amd64_M.iso (0xff)
map --hook
root (0xff)
chainloader (0xff)

### ISO MINI'S ABOVE


### ISO INSTALL TOOL


#GIVE UP TOO BIG FOR MEMORY 2GB 
#FIND ON D DRIVE
#MIX UP
#title Windows 7 Ultimate 32 Bit ISO - \nUse For Recovery Option\n
#map --mem /ISO/en_windows_7_ultimate_x86_dvd_X15-65921.iso (0xff)
#map --hook
#root (0xff)
#chainloader (0xff)
#savedefault

# ------------------------------------------------
# --------- BOTH THE WINDOWS 7 32 BIT AND 64 BIT -
# ------------------------------------------------
# WINDOWS 7 32 BIT
# RUN FROM DISK DRIVE UES CONTIGUOUS MEANS DO A DEFRAG

title Windows 7 Ultimate X15 32 BIT Bin-Patched to All Versions ISO\nOn 2nd Partition\nUse For Recovery Option\nUse Contiguous and Defraggler\n
find --set-root /03_MICROSOFT/#_OP_SYS/WINDOWS_7_ULTIMATE_X15_-_32_BIT_INSTALL/en_windows_7_ultimate_x86_dvd_X15-65921.iso
map /03_MICROSOFT/#_OP_SYS/WINDOWS_7_ULTIMATE_X15_-_32_BIT_INSTALL/en_windows_7_ultimate_x86_dvd_X15-65921.iso (hd32)
map --hook
root (hd32)
chainloader (hd32)

# ------------------------------------------------
# WINDOWS 7 64 BIT 

#HAS TO BE ABSOLUTE PATH MEANS NOT A SUB PATH DEPTH 2 OR MORE
#MISTAKE - MEANS DON'T USE FORWARD BACKSLASH PATH
#MISTAKE GO BACK AND START AGAIN AND LEARN SOMETHING ON WAY
#MISTAKE - TRY FIND BECAUSE D DRIVE
#ONE MORE THING NOW FIND WORKS PUT SUB PATH BACK
#-------------------------------------------------
title Windows 7 Ultimate X17 64 BIT Bin-Patched to All Versions ISO\nOn 2nd Partition\nUse For Recovery Option\nUse Contiguous and Defraggler\n
find --set-root /03_MICROSOFT/#_OP_SYS/WINDOWS_7_ULTIMATE_X17_-_32_AND_64_BIT_INSTALL/X17-59465_64_Bit.iso
map /03_MICROSOFT/#_OP_SYS/WINDOWS_7_ULTIMATE_X17_-_32_AND_64_BIT_INSTALL/X17-59465_64_Bit.iso (hd32)
map --hook
root (hd32)
chainloader (hd32)

# ------------------------------------------------
# ------------------------------------------------
# ------------------------------------------------



# -----------------------------------------------------------------------------
# WINDOWS XP WONT RUN FROM GRUB4DOS - ANSWER FROM FOLDER ON DRIVE OR CD-ROM
# BUT CD-ROM CAN DO ERROR WITH RANDOM ACCESS AND FILES JITTER DON'T READ PROPER
# BUT NICE TRY MANY PROGRAMS ATTEMPTED TO DO IT
# INSTALL WINDOWS XP TO ANOTHER PARTITION EASY
# INSTALL TO A LOGICAL OKAY THEY SAY NOT TO
# INSTALL TO A PARTITION WITH ACTIVE DRIVE SET OKAY NOT PROBLEM MAYBE THEY 
# MEAN *C* DRIVE WHEN SAY NOT TO
# LOGICAL DRIVE OKAY BUT MAY GET PROBLEM PUT GRUB4DOS BACK AFTER INSTALL AND THEN
# REQUIRE DELETE THE LOGICAL RATHER THAN ATTEMPT TO FIX WHICH MAYBE CAUSE LOSS 
# OF DATA PROBLEM AND CRASH ALL DRIVE PARTITIONS FROM MBR
# WELL THEN YOU CAN ONLY USE THE MORE ROBUST PRIMARY PARTITIONS AND THEN ONLY 4
# XP HOME IS INSTALLS AT 5 GIG AND XP PRO IS INSTALL AT 3 GIG
# AND USE OF XP HOME AND WHEN SAW CMD.EXE NOTICE TRULY MORE SLUGGISH
# WELL THAT WAS THE FREE (OR PRICE ADDED ON) COPY YOU GET WITH MOST COMPUTERS
# AND ON THAT END NOTE SUBJECT OF SERIAL NUMBER 
# IF YOU DON'T USE THE PRODUCT THEY TAKE AWAY THE SERIAL OR PUT IT IN SUSPENSION
# TO BE RETURNED BACK MAYBE WHEN CALL THE TELEPHONE ROBOT
# ANOTHER LAST NOTE
# AFTER CALL TELEPHONE ROBOT BECAUSE CHANGE HARDWARE WHEN RUN MORE THAN ONE COPY 
# AND THERE WAS TALK YOU MAY BE MADE TO USE ROBOT EVERY TIME AFTER
# BUT DON'T SEEM THE CASE
# MAYBE AFTER CHECK WINDOWS GENUINE UPDATES ARE PUT ON
# BUT I MIGHT OF PAST THAT TEST BY SLIPSTREAM SERVICE PACK 3 WHICH MAY ALREADY 
# GOT WINDOWS GENUINE FOR UPDATER
# YET TO FIND OUT
# -----------------------------------------------------------------------------
# ALL NOT WORKING TO INSTALL CRASH BLUE-SCREEN
# PEN DRIVE ALMOST THERE BUT DRIVE LETTERING PROBLEM MAYBE
# TRY CD-ROM
##################################################
#title Windows XP PRO 32 Bit Service Pack 2 - ISO SETUP INSTALL - MEMORY\n
#map --mem /ISO/WINDOWS_XP_PRO_INSTALL_SP2_OEM.iso (0xff)
#map --hook
#root (0xff)
#chainloader (0xff)

#title Windows XP PRO 32 Bit Service Pack 2 - ISO SETUP INSTALL - HDD CONTIGUOUS\nHARD DRIVE - CONTIGUOUS DEFRAG TO USE\n
#find --set-root /ISO/WINDOWS_XP_PRO_INSTALL_SP2_OEM.iso 
#map /ISO/WINDOWS_XP_PRO_INSTALL_SP2_OEM.iso (hd32) 
#map --hook 
#root (hd32) 
#chainloader (hd32)

#title Windows XP PRO 32 Bit Service Pack 3 - ISO SETUP INSTALL - MEMORY\nWon't Work in Grub4Dos - Install From CD-ROM or Folder HDD
map --mem /ISO/WINDOWS_XP_PRO_INSTALL_SP3_OEM.iso (0xff)
map --hook
root (0xff)
chainloader (0xff)

#title Windows XP PRO 32 Bit Service Pack 3 - ISO SETUP INSTALL - HDD CONTIGUOUS\nHARD DRIVE - CONTIGUOUS DEFRAG TO USE\nWon't Work in Grub4Dos - Install From CD-ROM or HDD
find --set-root /ISO/WINDOWS_XP_PRO_INSTALL_SP3_OEM.iso 
map /ISO/WINDOWS_XP_PRO_INSTALL_SP3_OEM.iso (hd32) 
map --hook 
root (hd32) 
chainloader (hd32)
##################################################


#WHATS UP - WINDOWS XP PRO SP 2 INSTALL
#COPY UBUNTO HARD DRIVE SETTINGS
#WORKS BUT NOT REQUIRED ------------------------------------
title Windows XP PRO 32 BIT SP 2 INSTALLER ISO -- 3 COPY GRUB4DOS COMMANDS FROM DRIVE CONTIGUOUS UBUNTO FORMAT - TRY ME\n
ls /ISO/WINDOWS_XP_PRO_INSTALL_SP2_OEM.iso || find --set-root /ISO/WINDOWS_XP_PRO_INSTALL_SP2_OEM.iso
map --heads=0 --sectors-per-track=0 /ISO/WINDOWS_XP_PRO_INSTALL_SP2_OEM.iso (hd32) || map --heads=0 --sectors-per-track=0 --mem /ISO/WINDOWS_XP_PRO_INSTALL_SP2_OEM.iso (hd32)
map --hook
root (hd32) 
chainloader (hd32)


# ---------------------------
# PARTITION WIZARD 2 SETUP'S
# ---------------------------
title Partition Wizard 9\n
map --mem /ISO/P_WIZARD-Free9.iso (0xff)
map --hook
root (0xff)
chainloader (0xff)
# ---------------------------
title Partition Wizard 9 - From ISO Drive Must be Contiguous Defrag\n
map --mem /ISO/P_WIZARD-Free9.iso (hd32)
map --hook 
root (hd32) 
chainloader (hd32)
# ---------------------------

#-----------------------------------------------------------
# VIRTUAL MACHINE SOUND GOOD BUT NOT TESTING ON YOUR MACHINE
# NOTE DUE TO FLOPPY TEST PROBLEM
#----------------------------------------------------------- 
title Tuff_Test v1.35 2015\nWhen Run From Grub4Dos Crashes at Floppy Test\nBetter In Virtual Machine\n
#find --set-root /ISO/TUFF_TEST_V1_35__2015.iso 
#ls /ISO/TUFF_TEST_V1_35__2015.iso || find --set-root /ISO/TUFF_TEST_V1_35__2015.iso
#find --set-root --ignore-floppies --ignore-cd /ISO/TUFF_TEST_V1_35__2015.iso
find --set-root /ISO/TUFF_TEST_V1_35__2015.iso
map --mem /ISO/TUFF_TEST_V1_35__2015.iso (0xff)
#map --mem /winvblock.img.gz (fd0)
#map --mem /winvblock.img.gz (fd1)
#ABOVE DON'T MAKE ANY DIFFERANCE TO THE FLOPPY TEST CRASH
map --hook
root (0xff)
chainloader (0xff)
#NOTHING WORKS FOR FLOPPY EMULATOR
#cant get floppy emulator to work then crashes on that test
#chainloader (fd0)+1
#rootnoverify (fd0)
#map --floppies=1
#savedefault

title Acronis True Image WD V16 _ 2015 ISO\nGood Drive Duplicate - But Didn't Have Copy the Erased Files Very Well for Me
find --set-root /ISO/ACRONIS_TRUE_IMAGE_WD_V16_2015.iso 
map --mem /ISO/ACRONIS_TRUE_IMAGE_WD_V16_2015.iso (0xff)
map --hook
root (0xff)
chainloader (0xff)
#savedefault
#THROWS A ERROR IF USE SAVEDEFAULT LIKE ANOTHER PROGRAM


################ MINI PE DIGIWIZ -- MINI PE DIGIWIZ WON'T WORK FROM ANY SUBDIR
#title MINIPE DigiWiz
#ls /ISO/MINI_PE_DIGIWIZ.iso || find --set-root /ISO/MINI_PE_DIGIWIZ.iso
#map --mem /ISO/MINI_PE_DIGIWIZ.iso (0xff)
#map --mem /winvblock.img.gz (fd0)
##map --mem /winvblock.img.gz (fd1)
#map --hook
#root (0xff)
#chainloader (0xff)
#savedefault

#########
#HAS TO BE A CONTIGOUS ISO FILE TO RUN AS A DISK NOT MEM ABOVE
#find --set-root /ISO/MINI_PE_DIGIWIZ.iso 
#map /ISO/MINI_PE_DIGIWIZ.iso (hd32) 
#map --hook 
#root (hd32) 
#chainloader (hd32)
#savedefault
######### END -- MINIPE DIGI WIZ

### MENU START
#title Multi Boot CD Disk\nUBCD532.ISO  (589 MB)\n
#title ULTIMATE Multi Boot CD Disk ISO (599 MB)\nOf The DVD That Include The Linux UBUNTU Below 2015 
#ls /ISO/MULTI_BOOT_DISK.iso || find --set-root /ISO/MULTI_BOOT_DISK.iso
#map --heads=0 --sectors-per-track=0 /ISO/MULTI_BOOT_DISK.iso (0xff) || map --heads=0 --sectors-per-track=0 --mem /ISO/MULTI_BOOT_DISK.iso (0xff)
#map --hook
#chainloader (0xff)
### MENU END

### MENU START
#title UBUNTU - Linux\nUBUNTU-14.04.1-DESKTOP-AMD64.ISO  (981 MB)\nFrom the DVD of Ultimate Multi Boot CD\nUBUNTU Loads Another 1GB ISO Making 2GB
#ls /images/ubuntudesktopamd64.iso || find --set-root /images/ubuntudesktopamd64.iso
#map --heads=0 --sectors-per-track=0 /images/ubuntudesktopamd64.iso (0xff) || map --heads=0 --sectors-per-track=0 --mem /images/ubuntudesktopamd64.iso (0xff)
#map --hook
#chainloader (0xff)
### MENU END

#title Chainload isolinux.bin\n
#find --set-root /HBCD/isolinux.bin
#chainloader /HBCD/isolinux.bin

title Reboot\n
reboot

title Shutdown\n
halt

title 1st Menu...  Root Boot\nRoot Boot - Rock Bottom - Straw That Broke the Camels Back - Armadilo\nFirst Menu.lst\n
find --set-root /menu.lst
configfile /menu.lst

#root

#title ...Back\n
#root